kotlin version: 2.4.0
error message: java.lang.RuntimeException: Exception while generating code for:
CONSTRUCTOR visibility:public returnType:kz.mybrain.superkassa.core.presentation.model.ReceiptItemDto [primary]
  VALUE_PARAMETER kind:Regular name:barcode index:0 type:kotlin.String?
    annotations:
      Schema(implementation = <null>, not = <null>, oneOf = <null>, anyOf = <null>, allOf = <null>, name = <null>, title = <null>, multipleOf = <null>, maximum = <null>, exclusiveMaximum = <null>, minimum = <null>, exclusiveMinimum = <null>, maxLength = <null>, minLength = <null>, pattern = <null>, maxProperties = <null>, minProperties = <null>, requiredProperties = <null>, required = <null>, requiredMode = <null>, description = "Штрихкод товара (опционально)", format = <null>, ref = <null>, nullable = <null>, readOnly = <null>, writeOnly = <null>, accessMode = <null>, example = "4607011417556", externalDocs = <null>, deprecated = <null>, type = <null>, allowableValues = <null>, defaultValue = <null>, discriminatorProperty = <null>, discriminatorMapping = <null>, hidden = <null>, enumAsRef = <null>, subTypes = <null>, extensions = <null>, prefixItems = <null>, types = <null>, exclusiveMaximumValue = <null>, exclusiveMinimumValue = <null>, contains = <null>, $id = <null>, $schema = <null>, $anchor = <null>, $vocabulary = <null>, $dynamicAnchor = <null>, $dynamicRef = <null>, contentEncoding = <null>, contentMediaType = <null>, contentSchema = <null>, propertyNames = <null>, maxContains = <null>, minContains = <null>, additionalItems = <null>, unevaluatedItems = <null>, _if = <null>, _else = <null>, then = <null>, $comment = <null>, exampleClasses = <null>, additionalProperties = <null>, dependentRequiredMap = <null>, dependentSchemas = <null>, patternProperties = <null>, properties = <null>, unevaluatedProperties = <null>, additionalPropertiesSchema = <null>, examples = <null>, _const = <null>, schemaResolution = <null>)
    EXPRESSION_BODY
      ERROR_EXPR 'Default Stub' type=kotlin.String?
  VALUE_PARAMETER kind:Regular name:listExciseStamp index:1 type:kotlin.collections.List<kotlin.String>?
    annotations:
      Schema(implementation = <null>, not = <null>, oneOf = <null>, anyOf = <null>, allOf = <null>, name = <null>, title = <null>, multipleOf = <null>, maximum = <null>, exclusiveMaximum = <null>, minimum = <null>, exclusiveMinimum = <null>, maxLength = <null>, minLength = <null>, pattern = <null>, maxProperties = <null>, minProperties = <null>, requiredProperties = <null>, required = <null>, requiredMode = <null>, description = "Список акцизных марок (протокол ОФД list_excise_stamp)", format = <null>, ref = <null>, nullable = <null>, readOnly = <null>, writeOnly = <null>, accessMode = <null>, example = "["12345678901234"]", externalDocs = <null>, deprecated = <null>, type = <null>, allowableValues = <null>, defaultValue = <null>, discriminatorProperty = <null>, discriminatorMapping = <null>, hidden = <null>, enumAsRef = <null>, subTypes = <null>, extensions = <null>, prefixItems = <null>, types = <null>, exclusiveMaximumValue = <null>, exclusiveMinimumValue = <null>, contains = <null>, $id = <null>, $schema = <null>, $anchor = <null>, $vocabulary = <null>, $dynamicAnchor = <null>, $dynamicRef = <null>, contentEncoding = <null>, contentMediaType = <null>, contentSchema = <null>, propertyNames = <null>, maxContains = <null>, minContains = <null>, additionalItems = <null>, unevaluatedItems = <null>, _if = <null>, _else = <null>, then = <null>, $comment = <null>, exampleClasses = <null>, additionalProperties = <null>, dependentRequiredMap = <null>, dependentSchemas = <null>, patternProperties = <null>, properties = <null>, unevaluatedProperties = <null>, additionalPropertiesSchema = <null>, examples = <null>, _const = <null>, schemaResolution = <null>)
    EXPRESSION_BODY
      ERROR_EXPR 'Default Stub' type=kotlin.collections.List<kotlin.String>?
  VALUE_PARAMETER kind:Regular name:markupPercent index:2 type:kotlin.Double?
    annotations:
      Schema(implementation = <null>, not = <null>, oneOf = <null>, anyOf = <null>, allOf = <null>, name = <null>, title = <null>, multipleOf = <null>, maximum = <null>, exclusiveMaximum = <null>, minimum = <null>, exclusiveMinimum = <null>, maxLength = <null>, minLength = <null>, pattern = <null>, maxProperties = <null>, minProperties = <null>, requiredProperties = <null>, required = <null>, requiredMode = <null>, description = "Наценка на позицию: процент (0–100). Взаимоисключающе с markupSum.", format = <null>, ref = <null>, nullable = <null>, readOnly = <null>, writeOnly = <null>, accessMode = <null>, example = "0", externalDocs = <null>, deprecated = <null>, type = <null>, allowableValues = <null>, defaultValue = <null>, discriminatorProperty = <null>, discriminatorMapping = <null>, hidden = <null>, enumAsRef = <null>, subTypes = <null>, extensions = <null>, prefixItems = <null>, types = <null>, exclusiveMaximumValue = <null>, exclusiveMinimumValue = <null>, contains = <null>, $id = <null>, $schema = <null>, $anchor = <null>, $vocabulary = <null>, $dynamicAnchor = <null>, $dynamicRef = <null>, contentEncoding = <null>, contentMediaType = <null>, contentSchema = <null>, propertyNames = <null>, maxContains = <null>, minContains = <null>, additionalItems = <null>, unevaluatedItems = <null>, _if = <null>, _else = <null>, then = <null>, $comment = <null>, exampleClasses = <null>, additionalProperties = <null>, dependentRequiredMap = <null>, dependentSchemas = <null>, patternProperties = <null>, properties = <null>, unevaluatedProperties = <null>, additionalPropertiesSchema = <null>, examples = <null>, _const = <null>, schemaResolution = <null>)
    EXPRESSION_BODY
      ERROR_EXPR 'Default Stub' type=kotlin.Double?
  VALUE_PARAMETER kind:Regular name:markupSum index:3 type:kotlin.Double?
    annotations:
      Schema(implementation = <null>, not = <null>, oneOf = <null>, anyOf = <null>, allOf = <null>, name = <null>, title = <null>, multipleOf = <null>, maximum = <null>, exclusiveMaximum = <null>, minimum = <null>, exclusiveMinimum = <null>, maxLength = <null>, minLength = <null>, pattern = <null>, maxProperties = <null>, minProperties = <null>, requiredProperties = <null>, required = <null>, requiredMode = <null>, description = "Наценка на позицию: сумма в тенге. Взаимоисключающе с markupPercent.", format = <null>, ref = <null>, nullable = <null>, readOnly = <null>, writeOnly = <null>, accessMode = <null>, example = "0", externalDocs = <null>, deprecated = <null>, type = <null>, allowableValues = <null>, defaultValue = <null>, discriminatorProperty = <null>, discriminatorMapping = <null>, hidden = <null>, enumAsRef = <null>, subTypes = <null>, extensions = <null>, prefixItems = <null>, types = <null>, exclusiveMaximumValue = <null>, exclusiveMinimumValue = <null>, contains = <null>, $id = <null>, $schema = <null>, $anchor = <null>, $vocabulary = <null>, $dynamicAnchor = <null>, $dynamicRef = <null>, contentEncoding = <null>, contentMediaType = <null>, contentSchema = <null>, propertyNames = <null>, maxContains = <null>, minContains = <null>, additionalItems = <null>, unevaluatedItems = <null>, _if = <null>, _else = <null>, then = <null>, $comment = <null>, exampleClasses = <null>, additionalProperties = <null>, dependentRequiredMap = <null>, dependentSchemas = <null>, patternProperties = <null>, properties = <null>, unevaluatedProperties = <null>, additionalPropertiesSchema = <null>, examples = <null>, _const = <null>, schemaResolution = <null>)
    EXPRESSION_BODY
      ERROR_EXPR 'Default Stub' type=kotlin.Double?
  VALUE_PARAMETER kind:Regular name:discountPercent index:4 type:kotlin.Double?
    annotations:
      Schema(implementation = <null>, not = <null>, oneOf = <null>, anyOf = <null>, allOf = <null>, name = <null>, title = <null>, multipleOf = <null>, maximum = <null>, exclusiveMaximum = <null>, minimum = <null>, exclusiveMinimum = <null>, maxLength = <null>, minLength = <null>, pattern = <null>, maxProperties = <null>, minProperties = <null>, requiredProperties = <null>, required = <null>, requiredMode = <null>, description = "Скидка на позицию: процент (0–100). Взаимоисключающе с discountSum.", format = <null>, ref = <null>, nullable = <null>, readOnly = <null>, writeOnly = <null>, accessMode = <null>, example = "10", externalDocs = <null>, deprecated = <null>, type = <null>, allowableValues = <null>, defaultValue = <null>, discriminatorProperty = <null>, discriminatorMapping = <null>, hidden = <null>, enumAsRef = <null>, subTypes = <null>, extensions = <null>, prefixItems = <null>, types = <null>, exclusiveMaximumValue = <null>, exclusiveMinimumValue = <null>, contains = <null>, $id = <null>, $schema = <null>, $anchor = <null>, $vocabulary = <null>, $dynamicAnchor = <null>, $dynamicRef = <null>, contentEncoding = <null>, contentMediaType = <null>, contentSchema = <null>, propertyNames = <null>, maxContains = <null>, minContains = <null>, additionalItems = <null>, unevaluatedItems = <null>, _if = <null>, _else = <null>, then = <null>, $comment = <null>, exampleClasses = <null>, additionalProperties = <null>, dependentRequiredMap = <null>, dependentSchemas = <null>, patternProperties = <null>, properties = <null>, unevaluatedProperties = <null>, additionalPropertiesSchema = <null>, examples = <null>, _const = <null>, schemaResolution = <null>)
    EXPRESSION_BODY
      ERROR_EXPR 'Default Stub' type=kotlin.Double?
  VALUE_PARAMETER kind:Regular name:discountSum index:5 type:kotlin.Double?
    annotations:
      Schema(implementation = <null>, not = <null>, oneOf = <null>, anyOf = <null>, allOf = <null>, name = <null>, title = <null>, multipleOf = <null>, maximum = <null>, exclusiveMaximum = <null>, minimum = <null>, exclusiveMinimum = <null>, maxLength = <null>, minLength = <null>, pattern = <null>, maxProperties = <null>, minProperties = <null>, requiredProperties = <null>, required = <null>, requiredMode = <null>, description = "Скидка на позицию: сумма в тенге. Взаимоисключающе с discountPercent.", format = <null>, ref = <null>, nullable = <null>, readOnly = <null>, writeOnly = <null>, accessMode = <null>, example = "30.10", externalDocs = <null>, deprecated = <null>, type = <null>, allowableValues = <null>, defaultValue = <null>, discriminatorProperty = <null>, discriminatorMapping = <null>, hidden = <null>, enumAsRef = <null>, subTypes = <null>, extensions = <null>, prefixItems = <null>, types = <null>, exclusiveMaximumValue = <null>, exclusiveMinimumValue = <null>, contains = <null>, $id = <null>, $schema = <null>, $anchor = <null>, $vocabulary = <null>, $dynamicAnchor = <null>, $dynamicRef = <null>, contentEncoding = <null>, contentMediaType = <null>, contentSchema = <null>, propertyNames = <null>, maxContains = <null>, minContains = <null>, additionalItems = <null>, unevaluatedItems = <null>, _if = <null>, _else = <null>, then = <null>, $comment = <null>, exampleClasses = <null>, additionalProperties = <null>, dependentRequiredMap = <null>, dependentSchemas = <null>, patternProperties = <null>, properties = <null>, unevaluatedProperties = <null>, additionalPropertiesSchema = <null>, examples = <null>, _const = <null>, schemaResolution = <null>)
    EXPRESSION_BODY
      ERROR_EXPR 'Default Stub' type=kotlin.Double?
  VALUE_PARAMETER kind:Regular name:measureUnitCode index:6 type:kotlin.String?
    annotations:
      Schema(implementation = <null>, not = <null>, oneOf = <null>, anyOf = <null>, allOf = <null>, name = <null>, title = <null>, multipleOf = <null>, maximum = <null>, exclusiveMaximum = <null>, minimum = <null>, exclusiveMinimum = <null>, maxLength = <null>, minLength = <null>, pattern = <null>, maxProperties = <null>, minProperties = <null>, requiredProperties = <null>, required = <null>, requiredMode = <null>, description = "Код единицы измерения (ОКЕИ). Только код (796, 116...). По умолчанию — штука (796). См. GET /units-of-measurement.", format = <null>, ref = <null>, nullable = <null>, readOnly = <null>, writeOnly = <null>, accessMode = <null>, example = "796", externalDocs = <null>, deprecated = <null>, type = <null>, allowableValues = <null>, defaultValue = <null>, discriminatorProperty = <null>, discriminatorMapping = <null>, hidden = <null>, enumAsRef = <null>, subTypes = <null>, extensions = <null>, prefixItems = <null>, types = <null>, exclusiveMaximumValue = <null>, exclusiveMinimumValue = <null>, contains = <null>, $id = <null>, $schema = <null>, $anchor = <null>, $vocabulary = <null>, $dynamicAnchor = <null>, $dynamicRef = <null>, contentEncoding = <null>, contentMediaType = <null>, contentSchema = <null>, propertyNames = <null>, maxContains = <null>, minContains = <null>, additionalItems = <null>, unevaluatedItems = <null>, _if = <null>, _else = <null>, then = <null>, $comment = <null>, exampleClasses = <null>, additionalProperties = <null>, dependentRequiredMap = <null>, dependentSchemas = <null>, patternProperties = <null>, properties = <null>, unevaluatedProperties = <null>, additionalPropertiesSchema = <null>, examples = <null>, _const = <null>, schemaResolution = <null>)
    EXPRESSION_BODY
      ERROR_EXPR 'Default Stub' type=kotlin.String?
  VALUE_PARAMETER kind:Regular name:name index:7 type:kotlin.String
    annotations:
      Schema(implementation = <null>, not = <null>, oneOf = <null>, anyOf = <null>, allOf = <null>, name = <null>, title = <null>, multipleOf = <null>, maximum = <null>, exclusiveMaximum = <null>, minimum = <null>, exclusiveMinimum = <null>, maxLength = 128, minLength = 3, pattern = <null>, maxProperties = <null>, minProperties = <null>, requiredProperties = <null>, required = <null>, requiredMode = <null>, description = "Наименование товара/услуги. Не допускаются обобщённые названия: «Товар», «Продукты», «Товар один» и т.п.", format = <null>, ref = <null>, nullable = <null>, readOnly = <null>, writeOnly = <null>, accessMode = <null>, example = "Хлеб белый нарезной", externalDocs = <null>, deprecated = <null>, type = <null>, allowableValues = <null>, defaultValue = <null>, discriminatorProperty = <null>, discriminatorMapping = <null>, hidden = <null>, enumAsRef = <null>, subTypes = <null>, extensions = <null>, prefixItems = <null>, types = <null>, exclusiveMaximumValue = <null>, exclusiveMinimumValue = <null>, contains = <null>, $id = <null>, $schema = <null>, $anchor = <null>, $vocabulary = <null>, $dynamicAnchor = <null>, $dynamicRef = <null>, contentEncoding = <null>, contentMediaType = <null>, contentSchema = <null>, propertyNames = <null>, maxContains = <null>, minContains = <null>, additionalItems = <null>, unevaluatedItems = <null>, _if = <null>, _else = <null>, then = <null>, $comment = <null>, exampleClasses = <null>, additionalProperties = <null>, dependentRequiredMap = <null>, dependentSchemas = <null>, patternProperties = <null>, properties = <null>, unevaluatedProperties = <null>, additionalPropertiesSchema = <null>, examples = <null>, _const = <null>, schemaResolution = <null>)
      ItemNameValid(message = <null>, groups = <null>, payload = <null>)
  VALUE_PARAMETER kind:Regular name:ntin index:8 type:kotlin.String?
    annotations:
      Schema(implementation = <null>, not = <null>, oneOf = <null>, anyOf = <null>, allOf = <null>, name = <null>, title = <null>, multipleOf = <null>, maximum = <null>, exclusiveMaximum = <null>, minimum = <null>, exclusiveMinimum = <null>, maxLength = <null>, minLength = <null>, pattern = <null>, maxProperties = <null>, minProperties = <null>, requiredProperties = <null>, required = <null>, requiredMode = <null>, description = "НТИН (протокол ОФД ntin)", format = <null>, ref = <null>, nullable = <null>, readOnly = <null>, writeOnly = <null>, accessMode = <null>, example = "123456789012", externalDocs = <null>, deprecated = <null>, type = <null>, allowableValues = <null>, defaultValue = <null>, discriminatorProperty = <null>, discriminatorMapping = <null>, hidden = <null>, enumAsRef = <null>, subTypes = <null>, extensions = <null>, prefixItems = <null>, types = <null>, exclusiveMaximumValue = <null>, exclusiveMinimumValue = <null>, contains = <null>, $id = <null>, $schema = <null>, $anchor = <null>, $vocabulary = <null>, $dynamicAnchor = <null>, $dynamicRef = <null>, contentEncoding = <null>, contentMediaType = <null>, contentSchema = <null>, propertyNames = <null>, maxContains = <null>, minContains = <null>, additionalItems = <null>, unevaluatedItems = <null>, _if = <null>, _else = <null>, then = <null>, $comment = <null>, exampleClasses = <null>, additionalProperties = <null>, dependentRequiredMap = <null>, dependentSchemas = <null>, patternProperties = <null>, properties = <null>, unevaluatedProperties = <null>, additionalPropertiesSchema = <null>, examples = <null>, _const = <null>, schemaResolution = <null>)
    EXPRESSION_BODY
      ERROR_EXPR 'Default Stub' type=kotlin.String?
  VALUE_PARAMETER kind:Regular name:price index:9 type:kotlin.Double
    annotations:
      Schema(implementation = <null>, not = <null>, oneOf = <null>, anyOf = <null>, allOf = <null>, name = <null>, title = <null>, multipleOf = <null>, maximum = <null>, exclusiveMaximum = <null>, minimum = <null>, exclusiveMinimum = <null>, maxLength = <null>, minLength = <null>, pattern = <null>, maxProperties = <null>, minProperties = <null>, requiredProperties = <null>, required = <null>, requiredMode = <null>, description = "Цена за единицу (в тенге)", format = <null>, ref = <null>, nullable = <null>, readOnly = <null>, writeOnly = <null>, accessMode = <null>, example = "150.50", externalDocs = <null>, deprecated = <null>, type = <null>, allowableValues = <null>, defaultValue = <null>, discriminatorProperty = <null>, discriminatorMapping = <null>, hidden = <null>, enumAsRef = <null>, subTypes = <null>, extensions = <null>, prefixItems = <null>, types = <null>, exclusiveMaximumValue = <null>, exclusiveMinimumValue = <null>, contains = <null>, $id = <null>, $schema = <null>, $anchor = <null>, $vocabulary = <null>, $dynamicAnchor = <null>, $dynamicRef = <null>, contentEncoding = <null>, contentMediaType = <null>, contentSchema = <null>, propertyNames = <null>, maxContains = <null>, minContains = <null>, additionalItems = <null>, unevaluatedItems = <null>, _if = <null>, _else = <null>, then = <null>, $comment = <null>, exampleClasses = <null>, additionalProperties = <null>, dependentRequiredMap = <null>, dependentSchemas = <null>, patternProperties = <null>, properties = <null>, unevaluatedProperties = <null>, additionalPropertiesSchema = <null>, examples = <null>, _const = <null>, schemaResolution = <null>)
  VALUE_PARAMETER kind:Regular name:quantity index:10 type:kotlin.Long
    annotations:
      Schema(implementation = <null>, not = <null>, oneOf = <null>, anyOf = <null>, allOf = <null>, name = <null>, title = <null>, multipleOf = <null>, maximum = <null>, exclusiveMaximum = <null>, minimum = <null>, exclusiveMinimum = <null>, maxLength = <null>, minLength = <null>, pattern = <null>, maxProperties = <null>, minProperties = <null>, requiredProperties = <null>, required = <null>, requiredMode = <null>, description = "Количество", format = <null>, ref = <null>, nullable = <null>, readOnly = <null>, writeOnly = <null>, accessMode = <null>, example = "2", externalDocs = <null>, deprecated = <null>, type = <null>, allowableValues = <null>, defaultValue = <null>, discriminatorProperty = <null>, discriminatorMapping = <null>, hidden = <null>, enumAsRef = <null>, subTypes = <null>, extensions = <null>, prefixItems = <null>, types = <null>, exclusiveMaximumValue = <null>, exclusiveMinimumValue = <null>, contains = <null>, $id = <null>, $schema = <null>, $anchor = <null>, $vocabulary = <null>, $dynamicAnchor = <null>, $dynamicRef = <null>, contentEncoding = <null>, contentMediaType = <null>, contentSchema = <null>, propertyNames = <null>, maxContains = <null>, minContains = <null>, additionalItems = <null>, unevaluatedItems = <null>, _if = <null>, _else = <null>, then = <null>, $comment = <null>, exampleClasses = <null>, additionalProperties = <null>, dependentRequiredMap = <null>, dependentSchemas = <null>, patternProperties = <null>, properties = <null>, unevaluatedProperties = <null>, additionalPropertiesSchema = <null>, examples = <null>, _const = <null>, schemaResolution = <null>)
  VALUE_PARAMETER kind:Regular name:vatGroup index:11 type:kotlin.String?
    annotations:
      Schema(implementation = <null>, not = <null>, oneOf = <null>, anyOf = <null>, allOf = <null>, name = <null>, title = <null>, multipleOf = <null>, maximum = <null>, exclusiveMaximum = <null>, minimum = <null>, exclusiveMinimum = <null>, maxLength = <null>, minLength = <null>, pattern = <null>, maxProperties = <null>, minProperties = <null>, requiredProperties = <null>, required = <null>, requiredMode = <null>, description = "Группа НДС для позиции. Допустимые значения: NO_VAT, VAT_0, VAT_5, VAT_10, VAT_16. Если не указана — используется defaultVatGroup кассы.", format = <null>, ref = <null>, nullable = <null>, readOnly = <null>, writeOnly = <null>, accessMode = <null>, example = "VAT_16", externalDocs = <null>, deprecated = <null>, type = <null>, allowableValues = ["NO_VAT", "VAT_0", "VAT_5", "VAT_10", "VAT_16"] type=kotlin.Array<kotlin.String> varargElementType=kotlin.String, defaultValue = <null>, discriminatorProperty = <null>, discriminatorMapping = <null>, hidden = <null>, enumAsRef = <null>, subTypes = <null>, extensions = <null>, prefixItems = <null>, types = <null>, exclusiveMaximumValue = <null>, exclusiveMinimumValue = <null>, contains = <null>, $id = <null>, $schema = <null>, $anchor = <null>, $vocabulary = <null>, $dynamicAnchor = <null>, $dynamicRef = <null>, contentEncoding = <null>, contentMediaType = <null>, contentSchema = <null>, propertyNames = <null>, maxContains = <null>, minContains = <null>, additionalItems = <null>, unevaluatedItems = <null>, _if = <null>, _else = <null>, then = <null>, $comment = <null>, exampleClasses = <null>, additionalProperties = <null>, dependentRequiredMap = <null>, dependentSchemas = <null>, patternProperties = <null>, properties = <null>, unevaluatedProperties = <null>, additionalPropertiesSchema = <null>, examples = <null>, _const = <null>, schemaResolution = <null>)
    EXPRESSION_BODY
      ERROR_EXPR 'Default Stub' type=kotlin.String?
  VALUE_PARAMETER kind:Regular name:isStorno index:12 type:kotlin.Boolean?
    annotations:
      Schema(implementation = <null>, not = <null>, oneOf = <null>, anyOf = <null>, allOf = <null>, name = <null>, title = <null>, multipleOf = <null>, maximum = <null>, exclusiveMaximum = <null>, minimum = <null>, exclusiveMinimum = <null>, maxLength = <null>, minLength = <null>, pattern = <null>, maxProperties = <null>, minProperties = <null>, requiredProperties = <null>, required = <null>, requiredMode = <null>, description = "Признак сторно (аннулирования) этой товарной позиции", format = <null>, ref = <null>, nullable = <null>, readOnly = <null>, writeOnly = <null>, accessMode = <null>, example = "false", externalDocs = <null>, deprecated = <null>, type = <null>, allowableValues = <null>, defaultValue = <null>, discriminatorProperty = <null>, discriminatorMapping = <null>, hidden = <null>, enumAsRef = <null>, subTypes = <null>, extensions = <null>, prefixItems = <null>, types = <null>, exclusiveMaximumValue = <null>, exclusiveMinimumValue = <null>, contains = <null>, $id = <null>, $schema = <null>, $anchor = <null>, $vocabulary = <null>, $dynamicAnchor = <null>, $dynamicRef = <null>, contentEncoding = <null>, contentMediaType = <null>, contentSchema = <null>, propertyNames = <null>, maxContains = <null>, minContains = <null>, additionalItems = <null>, unevaluatedItems = <null>, _if = <null>, _else = <null>, then = <null>, $comment = <null>, exampleClasses = <null>, additionalProperties = <null>, dependentRequiredMap = <null>, dependentSchemas = <null>, patternProperties = <null>, properties = <null>, unevaluatedProperties = <null>, additionalPropertiesSchema = <null>, examples = <null>, _const = <null>, schemaResolution = <null>)
    EXPRESSION_BODY
      ERROR_EXPR 'Default Stub' type=kotlin.Boolean?
  BLOCK_BODY
    DELEGATING_CONSTRUCTOR_CALL 'public constructor <init> () [primary] declared in kotlin.Any'
    BLOCK type=kotlin.Unit origin=null
      SET_FIELD 'FIELD PROPERTY_BACKING_FIELD name:barcode type:kotlin.String? visibility:private [final]' type=kotlin.Unit origin=INITIALIZE_FIELD
        receiver: GET_VAR '<this>: kz.mybrain.superkassa.core.presentation.model.ReceiptItemDto declared in kz.mybrain.superkassa.core.presentation.model.ReceiptItemDto' type=kz.mybrain.superkassa.core.presentation.model.ReceiptItemDto origin=null
        value: GET_VAR 'barcode: kotlin.String? declared in kz.mybrain.superkassa.core.presentation.model.ReceiptItemDto.<init>' type=kotlin.String? origin=INITIALIZE_PROPERTY_FROM_PARAMETER
      SET_FIELD 'FIELD PROPERTY_BACKING_FIELD name:listExciseStamp type:kotlin.collections.List<kotlin.String>? visibility:private [final]' type=kotlin.Unit origin=INITIALIZE_FIELD
        receiver: GET_VAR '<this>: kz.mybrain.superkassa.core.presentation.model.ReceiptItemDto declared in kz.mybrain.superkassa.core.presentation.model.ReceiptItemDto' type=kz.mybrain.superkassa.core.presentation.model.ReceiptItemDto origin=null
        value: GET_VAR 'listExciseStamp: kotlin.collections.List<kotlin.String>? declared in kz.mybrain.superkassa.core.presentation.model.ReceiptItemDto.<init>' type=kotlin.collections.List<kotlin.String>? origin=INITIALIZE_PROPERTY_FROM_PARAMETER
      SET_FIELD 'FIELD PROPERTY_BACKING_FIELD name:markupPercent type:kotlin.Double? visibility:private [final]' type=kotlin.Unit origin=INITIALIZE_FIELD
        receiver: GET_VAR '<this>: kz.mybrain.superkassa.core.presentation.model.ReceiptItemDto declared in kz.mybrain.superkassa.core.presentation.model.ReceiptItemDto' type=kz.mybrain.superkassa.core.presentation.model.ReceiptItemDto origin=null
        value: GET_VAR 'markupPercent: kotlin.Double? declared in kz.mybrain.superkassa.core.presentation.model.ReceiptItemDto.<init>' type=kotlin.Double? origin=INITIALIZE_PROPERTY_FROM_PARAMETER
      SET_FIELD 'FIELD PROPERTY_BACKING_FIELD name:markupSum type:kotlin.Double? visibility:private [final]' type=kotlin.Unit origin=INITIALIZE_FIELD
        receiver: GET_VAR '<this>: kz.mybrain.superkassa.core.presentation.model.ReceiptItemDto declared in kz.mybrain.superkassa.core.presentation.model.ReceiptItemDto' type=kz.mybrain.superkassa.core.presentation.model.ReceiptItemDto origin=null
        value: GET_VAR 'markupSum: kotlin.Double? declared in kz.mybrain.superkassa.core.presentation.model.ReceiptItemDto.<init>' type=kotlin.Double? origin=INITIALIZE_PROPERTY_FROM_PARAMETER
      SET_FIELD 'FIELD PROPERTY_BACKING_FIELD name:discountPercent type:kotlin.Double? visibility:private [final]' type=kotlin.Unit origin=INITIALIZE_FIELD
        receiver: GET_VAR '<this>: kz.mybrain.superkassa.core.presentation.model.ReceiptItemDto declared in kz.mybrain.superkassa.core.presentation.model.ReceiptItemDto' type=kz.mybrain.superkassa.core.presentation.model.ReceiptItemDto origin=null
        value: GET_VAR 'discountPercent: kotlin.Double? declared in kz.mybrain.superkassa.core.presentation.model.ReceiptItemDto.<init>' type=kotlin.Double? origin=INITIALIZE_PROPERTY_FROM_PARAMETER
      SET_FIELD 'FIELD PROPERTY_BACKING_FIELD name:discountSum type:kotlin.Double? visibility:private [final]' type=kotlin.Unit origin=INITIALIZE_FIELD
        receiver: GET_VAR '<this>: kz.mybrain.superkassa.core.presentation.model.ReceiptItemDto declared in kz.mybrain.superkassa.core.presentation.model.ReceiptItemDto' type=kz.mybrain.superkassa.core.presentation.model.ReceiptItemDto origin=null
        value: GET_VAR 'discountSum: kotlin.Double? declared in kz.mybrain.superkassa.core.presentation.model.ReceiptItemDto.<init>' type=kotlin.Double? origin=INITIALIZE_PROPERTY_FROM_PARAMETER
      SET_FIELD 'FIELD PROPERTY_BACKING_FIELD name:measureUnitCode type:kotlin.String? visibility:private [final]' type=kotlin.Unit origin=INITIALIZE_FIELD
        receiver: GET_VAR '<this>: kz.mybrain.superkassa.core.presentation.model.ReceiptItemDto declared in kz.mybrain.superkassa.core.presentation.model.ReceiptItemDto' type=kz.mybrain.superkassa.core.presentation.model.ReceiptItemDto origin=null
        value: GET_VAR 'measureUnitCode: kotlin.String? declared in kz.mybrain.superkassa.core.presentation.model.ReceiptItemDto.<init>' type=kotlin.String? origin=INITIALIZE_PROPERTY_FROM_PARAMETER
      SET_FIELD 'FIELD PROPERTY_BACKING_FIELD name:name type:kotlin.String visibility:private [final]' type=kotlin.Unit origin=INITIALIZE_FIELD
        receiver: GET_VAR '<this>: kz.mybrain.superkassa.core.presentation.model.ReceiptItemDto declared in kz.mybrain.superkassa.core.presentation.model.ReceiptItemDto' type=kz.mybrain.superkassa.core.presentation.model.ReceiptItemDto origin=null
        value: GET_VAR 'name: kotlin.String declared in kz.mybrain.superkassa.core.presentation.model.ReceiptItemDto.<init>' type=kotlin.String origin=INITIALIZE_PROPERTY_FROM_PARAMETER
      SET_FIELD 'FIELD PROPERTY_BACKING_FIELD name:ntin type:kotlin.String? visibility:private [final]' type=kotlin.Unit origin=INITIALIZE_FIELD
        receiver: GET_VAR '<this>: kz.mybrain.superkassa.core.presentation.model.ReceiptItemDto declared in kz.mybrain.superkassa.core.presentation.model.ReceiptItemDto' type=kz.mybrain.superkassa.core.presentation.model.ReceiptItemDto origin=null
        value: GET_VAR 'ntin: kotlin.String? declared in kz.mybrain.superkassa.core.presentation.model.ReceiptItemDto.<init>' type=kotlin.String? origin=INITIALIZE_PROPERTY_FROM_PARAMETER
      SET_FIELD 'FIELD PROPERTY_BACKING_FIELD name:price type:kotlin.Double visibility:private [final]' type=kotlin.Unit origin=INITIALIZE_FIELD
        receiver: GET_VAR '<this>: kz.mybrain.superkassa.core.presentation.model.ReceiptItemDto declared in kz.mybrain.superkassa.core.presentation.model.ReceiptItemDto' type=kz.mybrain.superkassa.core.presentation.model.ReceiptItemDto origin=null
        value: GET_VAR 'price: kotlin.Double declared in kz.mybrain.superkassa.core.presentation.model.ReceiptItemDto.<init>' type=kotlin.Double origin=INITIALIZE_PROPERTY_FROM_PARAMETER
      SET_FIELD 'FIELD PROPERTY_BACKING_FIELD name:quantity type:kotlin.Long visibility:private [final]' type=kotlin.Unit origin=INITIALIZE_FIELD
        receiver: GET_VAR '<this>: kz.mybrain.superkassa.core.presentation.model.ReceiptItemDto declared in kz.mybrain.superkassa.core.presentation.model.ReceiptItemDto' type=kz.mybrain.superkassa.core.presentation.model.ReceiptItemDto origin=null
        value: GET_VAR 'quantity: kotlin.Long declared in kz.mybrain.superkassa.core.presentation.model.ReceiptItemDto.<init>' type=kotlin.Long origin=INITIALIZE_PROPERTY_FROM_PARAMETER
      SET_FIELD 'FIELD PROPERTY_BACKING_FIELD name:vatGroup type:kotlin.String? visibility:private [final]' type=kotlin.Unit origin=INITIALIZE_FIELD
        receiver: GET_VAR '<this>: kz.mybrain.superkassa.core.presentation.model.ReceiptItemDto declared in kz.mybrain.superkassa.core.presentation.model.ReceiptItemDto' type=kz.mybrain.superkassa.core.presentation.model.ReceiptItemDto origin=null
        value: GET_VAR 'vatGroup: kotlin.String? declared in kz.mybrain.superkassa.core.presentation.model.ReceiptItemDto.<init>' type=kotlin.String? origin=INITIALIZE_PROPERTY_FROM_PARAMETER
      SET_FIELD 'FIELD PROPERTY_BACKING_FIELD name:isStorno type:kotlin.Boolean? visibility:private [final]' type=kotlin.Unit origin=INITIALIZE_FIELD
        receiver: GET_VAR '<this>: kz.mybrain.superkassa.core.presentation.model.ReceiptItemDto declared in kz.mybrain.superkassa.core.presentation.model.ReceiptItemDto' type=kz.mybrain.superkassa.core.presentation.model.ReceiptItemDto origin=null
        value: GET_VAR 'isStorno: kotlin.Boolean? declared in kz.mybrain.superkassa.core.presentation.model.ReceiptItemDto.<init>' type=kotlin.Boolean? origin=INITIALIZE_PROPERTY_FROM_PARAMETER
      BLOCK type=kotlin.Unit origin=SYNTHESIZED_INIT_BLOCK
        CALL 'public final fun require (value: kotlin.Boolean, lazyMessage: kotlin.Function0<kotlin.Any>): kotlin.Unit [inline] declared in kotlin.PreconditionsKt' type=kotlin.Unit origin=null
          ARG value: CALL 'public final fun OROR (arg0: kotlin.Boolean, arg1: kotlin.Boolean): kotlin.Boolean declared in kotlin.internal.ir' type=kotlin.Boolean origin=null
            ARG arg0: CALL 'public final fun EQEQ (arg0: kotlin.Any?, arg1: kotlin.Any?): kotlin.Boolean declared in kotlin.internal.ir' type=kotlin.Boolean origin=EQEQ
              ARG arg0: GET_FIELD 'FIELD PROPERTY_BACKING_FIELD name:discountPercent type:kotlin.Double? visibility:private [final]' type=kotlin.Double? origin=null
                receiver: GET_VAR '<this>: kz.mybrain.superkassa.core.presentation.model.ReceiptItemDto declared in kz.mybrain.superkassa.core.presentation.model.ReceiptItemDto' type=kz.mybrain.superkassa.core.presentation.model.ReceiptItemDto origin=IMPLICIT_ARGUMENT
              ARG arg1: CONST Null type=kotlin.Nothing? value=null
            ARG arg1: CALL 'public final fun EQEQ (arg0: kotlin.Any?, arg1: kotlin.Any?): kotlin.Boolean declared in kotlin.internal.ir' type=kotlin.Boolean origin=EQEQ
              ARG arg0: GET_FIELD 'FIELD PROPERTY_BACKING_FIELD name:discountSum type:kotlin.Double? visibility:private [final]' type=kotlin.Double? origin=null
                receiver: GET_VAR '<this>: kz.mybrain.superkassa.core.presentation.model.ReceiptItemDto declared in kz.mybrain.superkassa.core.presentation.model.ReceiptItemDto' type=kz.mybrain.superkassa.core.presentation.model.ReceiptItemDto origin=IMPLICIT_ARGUMENT
              ARG arg1: CONST Null type=kotlin.Nothing? value=null
          ARG lazyMessage: RICH_FUNCTION_REFERENCE type=kotlin.Function0<kotlin.Any> origin=INLINE_LAMBDA reflectionTarget='null'
            overriddenFunctionSymbol: public abstract fun invoke (): R of kotlin.Function0 [operator] declared in kotlin.Function0
            invoke: FUN INLINE_LAMBDA name:_init_$lambda$0 visibility:private modality:FINAL returnType:kotlin.Any
              BLOCK_BODY
                VAR name:$i$a$-require-ReceiptItemDto$1 type:kotlin.Int [val]
                  CONST Int type=kotlin.Int value=0
                RETURN type=kotlin.Nothing from='private final fun _init_$lambda$0 (): kotlin.Any declared in kz.mybrain.superkassa.core.presentation.model.ReceiptItemDto.<init>'
                  CONST String type=kotlin.String value="Укажите скидку на позицию либо в процентах (discountPercent), либо суммой (discountSum), но не оба значения"
        CALL 'public final fun require (value: kotlin.Boolean, lazyMessage: kotlin.Function0<kotlin.Any>): kotlin.Unit [inline] declared in kotlin.PreconditionsKt' type=kotlin.Unit origin=null
          ARG value: CALL 'public final fun OROR (arg0: kotlin.Boolean, arg1: kotlin.Boolean): kotlin.Boolean declared in kotlin.internal.ir' type=kotlin.Boolean origin=null
            ARG arg0: CALL 'public final fun EQEQ (arg0: kotlin.Any?, arg1: kotlin.Any?): kotlin.Boolean declared in kotlin.internal.ir' type=kotlin.Boolean origin=EQEQ
              ARG arg0: GET_FIELD 'FIELD PROPERTY_BACKING_FIELD name:markupPercent type:kotlin.Double? visibility:private [final]' type=kotlin.Double? origin=null
                receiver: GET_VAR '<this>: kz.mybrain.superkassa.core.presentation.model.ReceiptItemDto declared in kz.mybrain.superkassa.core.presentation.model.ReceiptItemDto' type=kz.mybrain.superkassa.core.presentation.model.ReceiptItemDto origin=IMPLICIT_ARGUMENT
              ARG arg1: CONST Null type=kotlin.Nothing? value=null
            ARG arg1: CALL 'public final fun EQEQ (arg0: kotlin.Any?, arg1: kotlin.Any?): kotlin.Boolean declared in kotlin.internal.ir' type=kotlin.Boolean origin=EQEQ
              ARG arg0: GET_FIELD 'FIELD PROPERTY_BACKING_FIELD name:markupSum type:kotlin.Double? visibility:private [final]' type=kotlin.Double? origin=null
                receiver: GET_VAR '<this>: kz.mybrain.superkassa.core.presentation.model.ReceiptItemDto declared in kz.mybrain.superkassa.core.presentation.model.ReceiptItemDto' type=kz.mybrain.superkassa.core.presentation.model.ReceiptItemDto origin=IMPLICIT_ARGUMENT
              ARG arg1: CONST Null type=kotlin.Nothing? value=null
          ARG lazyMessage: RICH_FUNCTION_REFERENCE type=kotlin.Function0<kotlin.Any> origin=INLINE_LAMBDA reflectionTarget='null'
            overriddenFunctionSymbol: public abstract fun invoke (): R of kotlin.Function0 [operator] declared in kotlin.Function0
            invoke: FUN INLINE_LAMBDA name:_init_$lambda$1 visibility:private modality:FINAL returnType:kotlin.Any
              BLOCK_BODY
                VAR name:$i$a$-require-ReceiptItemDto$2 type:kotlin.Int [val]
                  CONST Int type=kotlin.Int value=0
                RETURN type=kotlin.Nothing from='private final fun _init_$lambda$1 (): kotlin.Any declared in kz.mybrain.superkassa.core.presentation.model.ReceiptItemDto.<init>'
                  CONST String type=kotlin.String value="Укажите наценку на позицию либо в процентах (markupPercent), либо суммой (markupSum), но не оба значения"

	at org.jetbrains.kotlin.backend.jvm.codegen.FunctionCodegen.generate(FunctionCodegen.kt:61)
	at org.jetbrains.kotlin.backend.jvm.codegen.FunctionCodegen.generate$default(FunctionCodegen.kt:54)
	at org.jetbrains.kotlin.backend.jvm.codegen.ClassCodegen.generateMethodNode(ClassCodegen.kt:422)
	at org.jetbrains.kotlin.backend.jvm.codegen.ClassCodegen.generateMethod(ClassCodegen.kt:439)
	at org.jetbrains.kotlin.backend.jvm.codegen.ClassCodegen.generate(ClassCodegen.kt:168)
	at org.jetbrains.kotlin.backend.jvm.JvmIrCodegenFactory.generateFile(JvmIrCodegenFactory.kt:465)
	at org.jetbrains.kotlin.backend.jvm.JvmIrCodegenFactory.invokeCodegen(JvmIrCodegenFactory.kt:431)
	at org.jetbrains.kotlin.cli.jvm.compiler.KotlinToJVMBytecodeCompiler.runCodegen$org_jetbrains_kotlin_cli_jvm(KotlinToJVMBytecodeCompiler.kt:387)
	at org.jetbrains.kotlin.cli.pipeline.jvm.JvmBackendPipelinePhase.executePhase(JvmBackendPipelinePhase.kt:91)
	at org.jetbrains.kotlin.cli.pipeline.jvm.JvmBackendPipelinePhase.executePhase(JvmBackendPipelinePhase.kt:28)
	at org.jetbrains.kotlin.cli.pipeline.PipelinePhase.phaseBody(PipelinePhase.kt:63)
	at org.jetbrains.kotlin.cli.pipeline.PipelinePhase.phaseBody(PipelinePhase.kt:53)
	at org.jetbrains.kotlin.config.phaser.NamedCompilerPhase.invoke(CompilerPhase.kt:102)
	at org.jetbrains.kotlin.backend.common.phaser.CompositePhase.invoke(PhaseBuilders.kt:22)
	at org.jetbrains.kotlin.config.phaser.CompilerPhaseKt.invokeToplevel(CompilerPhase.kt:53)
	at org.jetbrains.kotlin.cli.pipeline.AbstractCliPipeline.runPhasedPipeline(AbstractCliPipeline.kt:135)
	at org.jetbrains.kotlin.cli.pipeline.AbstractCliPipeline.executeAndReturnPipeLineArtifact(AbstractCliPipeline.kt:89)
	at org.jetbrains.kotlin.cli.pipeline.AbstractCliPipeline.executeAndReturnPipeLineArtifact$default(AbstractCliPipeline.kt:49)
	at org.jetbrains.kotlin.cli.pipeline.AbstractCliPipeline.execute(AbstractCliPipeline.kt:40)
	at org.jetbrains.kotlin.cli.jvm.K2JVMCompiler.doExecutePhased(K2JVMCompiler.kt:54)
	at org.jetbrains.kotlin.cli.jvm.K2JVMCompiler.doExecutePhased(K2JVMCompiler.kt:45)
	at org.jetbrains.kotlin.cli.common.CLICompiler.execImpl(CLICompiler.kt:94)
	at org.jetbrains.kotlin.cli.common.CLICompiler.exec(CLICompiler.kt:366)
	at org.jetbrains.kotlin.incremental.IncrementalJvmCompilerRunnerBase.runCompiler(IncrementalJvmCompilerRunnerBase.kt:211)
	at org.jetbrains.kotlin.incremental.IncrementalJvmCompilerRunnerBase.runCompiler(IncrementalJvmCompilerRunnerBase.kt:53)
	at org.jetbrains.kotlin.incremental.IncrementalCompilerRunner.doCompile(IncrementalCompilerRunner.kt:539)
	at org.jetbrains.kotlin.incremental.IncrementalCompilerRunner.compileImpl(IncrementalCompilerRunner.kt:451)
	at org.jetbrains.kotlin.incremental.IncrementalCompilerRunner.compileNonIncrementally(IncrementalCompilerRunner.kt:327)
	at org.jetbrains.kotlin.incremental.IncrementalCompilerRunner.compile(IncrementalCompilerRunner.kt:139)
	at org.jetbrains.kotlin.daemon.CompileServiceImplBase.execIncrementalCompiler(CompileServiceImpl.kt:782)
	at org.jetbrains.kotlin.daemon.CompileServiceImplBase.access$execIncrementalCompiler(CompileServiceImpl.kt:108)
	at org.jetbrains.kotlin.daemon.CompileServiceImpl.compile(CompileServiceImpl.kt:2046)
	at java.base/jdk.internal.reflect.DirectMethodHandleAccessor.invoke(DirectMethodHandleAccessor.java:104)
	at java.base/java.lang.reflect.Method.invoke(Method.java:565)
	at java.rmi/sun.rmi.server.UnicastServerRef.dispatch(UnicastServerRef.java:351)
	at java.rmi/sun.rmi.transport.Transport.serviceCall(Transport.java:166)
	at java.rmi/sun.rmi.transport.tcp.TCPTransport.handleMessages(TCPTransport.java:543)
	at java.rmi/sun.rmi.transport.tcp.TCPTransport$ConnectionHandler.run0(TCPTransport.java:744)
	at java.rmi/sun.rmi.transport.tcp.TCPTransport$ConnectionHandler.run(TCPTransport.java:623)
	at java.base/java.util.concurrent.ThreadPoolExecutor.runWorker(ThreadPoolExecutor.java:1095)
	at java.base/java.util.concurrent.ThreadPoolExecutor$Worker.run(ThreadPoolExecutor.java:619)
	at java.base/java.lang.Thread.run(Thread.java:1447)
Caused by: java.io.FileNotFoundException: /Users/sergeyivanov/superkassa-core/core-domain/build/classes/kotlin/main/kz/mybrain/superkassa/core/domain/validation/ItemNameValidator.class (No such file or directory)
	at java.base/java.io.FileInputStream.open0(Native Method)
	at java.base/java.io.FileInputStream.open(FileInputStream.java:185)
	at java.base/java.io.FileInputStream.<init>(FileInputStream.java:139)
	at org.jetbrains.kotlin.com.intellij.openapi.util.io.FileUtil.loadFileBytes(FileUtil.java:188)
	at org.jetbrains.kotlin.cli.common.localfs.KotlinLocalVirtualFile.contentsToByteArray(KotlinLocalVirtualFile.kt:108)
	at org.jetbrains.kotlin.cli.jvm.compiler.KotlinCliJavaFileManagerImpl.findClass(KotlinCliJavaFileManagerImpl.kt:149)
	at org.jetbrains.kotlin.resolve.jvm.KotlinJavaPsiFacade$CliFinder.findClass(KotlinJavaPsiFacade.java:538)
	at org.jetbrains.kotlin.resolve.jvm.KotlinJavaPsiFacade.findClass(KotlinJavaPsiFacade.java:181)
	at org.jetbrains.kotlin.load.java.JavaClassFinderImpl.findClass(JavaClassFinderImpl.kt:49)
	at org.jetbrains.kotlin.fir.java.FirJavaFacade.findClass(FirJavaFacade.kt:74)
	at org.jetbrains.kotlin.fir.java.deserialization.JvmClassFileBasedSymbolProvider.extractClassMetadata(JvmClassFileBasedSymbolProvider.kt:180)
	at org.jetbrains.kotlin.fir.deserialization.AbstractFirDeserializedSymbolProvider.findAndDeserializeClass(AbstractFirDeserializedSymbolProvider.kt:263)
	at org.jetbrains.kotlin.fir.deserialization.AbstractFirDeserializedSymbolProvider.classCache$lambda$0(AbstractFirDeserializedSymbolProvider.kt:165)
	at org.jetbrains.kotlin.fir.caches.FirThreadUnsafeCacheWithPostCompute.getValue(FirThreadUnsafeCachesFactory.kt:74)
	at org.jetbrains.kotlin.fir.deserialization.AbstractFirDeserializedSymbolProvider.getClass(AbstractFirDeserializedSymbolProvider.kt:357)
	at org.jetbrains.kotlin.fir.deserialization.AbstractFirDeserializedSymbolProvider.getClass$default(AbstractFirDeserializedSymbolProvider.kt:340)
	at org.jetbrains.kotlin.fir.deserialization.AbstractFirDeserializedSymbolProvider.getClassLikeSymbolByClassId(AbstractFirDeserializedSymbolProvider.kt:434)
	at org.jetbrains.kotlin.fir.resolve.providers.impl.FirCachingCompositeSymbolProvider.computeClass(FirCachingCompositeSymbolProvider.kt:147)
	at org.jetbrains.kotlin.fir.resolve.providers.impl.FirCachingCompositeSymbolProvider.access$computeClass(FirCachingCompositeSymbolProvider.kt:27)
	at org.jetbrains.kotlin.fir.resolve.providers.impl.FirCachingCompositeSymbolProvider$special$$inlined$createCache$1.invoke(FirCachesFactory.kt:157)
	at org.jetbrains.kotlin.fir.resolve.providers.impl.FirCachingCompositeSymbolProvider$special$$inlined$createCache$1.invoke(FirCachesFactory.kt:141)
	at org.jetbrains.kotlin.fir.caches.FirThreadUnsafeCache.getValue(FirThreadUnsafeCachesFactory.kt:53)
	at org.jetbrains.kotlin.fir.resolve.providers.impl.FirCachingCompositeSymbolProvider.getClassLikeSymbolByClassId(FirCachingCompositeSymbolProvider.kt:174)
	at org.jetbrains.kotlin.fir.resolve.ToSymbolUtilsKt.toSymbol(ToSymbolUtils.kt:76)
	at org.jetbrains.kotlin.fir.resolve.ToSymbolUtilsKt.toTypeAliasSymbol(ToSymbolUtils.kt:120)
	at org.jetbrains.kotlin.fir.resolve.TypeExpansionUtilsKt.directExpansionType(TypeExpansionUtils.kt:173)
	at org.jetbrains.kotlin.fir.resolve.TypeExpansionUtilsKt.fullyExpandedTypeNoCache(TypeExpansionUtils.kt:160)
	at org.jetbrains.kotlin.fir.resolve.TypeExpansionUtilsKt.fullyExpandedType(TypeExpansionUtils.kt:54)
	at org.jetbrains.kotlin.fir.resolve.TypeExpansionUtilsKt.fullyExpandedType$default(TypeExpansionUtils.kt:44)
	at org.jetbrains.kotlin.fir.types.ConeInferenceContext.typeDepth(ConeInferenceContext.kt:216)
	at org.jetbrains.kotlin.fir.types.ConeInferenceContext.typeDepth(ConeInferenceContext.kt:198)
	at org.jetbrains.kotlin.fir.types.ConeInferenceContext.typeDepth(ConeInferenceContext.kt:226)
	at org.jetbrains.kotlin.fir.types.ConeInferenceContext.typeDepth(ConeInferenceContext.kt:198)
	at org.jetbrains.kotlin.fir.types.ConeInferenceContext.typeDepthForApproximation(ConeInferenceContext.kt:208)
	at org.jetbrains.kotlin.types.AbstractTypeApproximator.typeDepthForApproximation(AbstractTypeApproximator.kt)
	at org.jetbrains.kotlin.types.AbstractTypeApproximator.approximateToSuperType(AbstractTypeApproximator.kt:1076)
	at org.jetbrains.kotlin.fir.types.ConeTypeApproximator.approximateToSuperType(ConeTypeApproximator.kt:19)
	at org.jetbrains.kotlin.fir.backend.Fir2IrTypeConverterKt.approximateForIrOrNull(Fir2IrTypeConverter.kt:387)
	at org.jetbrains.kotlin.fir.backend.Fir2IrTypeConverterKt.approximateForIrOrSelf(Fir2IrTypeConverter.kt:392)
	at org.jetbrains.kotlin.fir.backend.Fir2IrTypeConverter.toIrType(Fir2IrTypeConverter.kt:165)
	at org.jetbrains.kotlin.fir.backend.Fir2IrTypeConverter.toIrType$default(Fir2IrTypeConverter.kt:97)
	at org.jetbrains.kotlin.fir.backend.Fir2IrTypeConverterKt.toIrType(Fir2IrTypeConverter.kt:381)
	at org.jetbrains.kotlin.fir.backend.Fir2IrTypeConverterKt.toIrType$default(Fir2IrTypeConverter.kt:379)
	at org.jetbrains.kotlin.fir.backend.Fir2IrVisitor.visitGetClassCall(Fir2IrVisitor.kt:1741)
	at org.jetbrains.kotlin.fir.backend.Fir2IrVisitor.visitGetClassCall(Fir2IrVisitor.kt:68)
	at org.jetbrains.kotlin.fir.expressions.FirGetClassCall.accept(FirGetClassCall.kt:29)
	at org.jetbrains.kotlin.fir.backend.Fir2IrVisitor.convertToIrExpression$org_jetbrains_kotlin_fir2ir(Fir2IrVisitor.kt:1034)
	at org.jetbrains.kotlin.fir.backend.Fir2IrVisitor.convertToIrExpression$org_jetbrains_kotlin_fir2ir$default(Fir2IrVisitor.kt:996)
	at org.jetbrains.kotlin.fir.backend.Fir2IrVisitor.convertToIrVarargElement(Fir2IrVisitor.kt:651)
	at org.jetbrains.kotlin.fir.backend.Fir2IrVisitor.convertToArrayLiteral(Fir2IrVisitor.kt:1808)
	at org.jetbrains.kotlin.fir.backend.Fir2IrVisitor.convertToIrExpression$org_jetbrains_kotlin_fir2ir(Fir2IrVisitor.kt:1033)
	at org.jetbrains.kotlin.fir.backend.Fir2IrVisitor.convertToIrExpression$org_jetbrains_kotlin_fir2ir$default(Fir2IrVisitor.kt:996)
	at org.jetbrains.kotlin.fir.backend.generators.CallAndReferenceGenerator.convertArgument(CallAndReferenceGenerator.kt:1116)
	at org.jetbrains.kotlin.fir.backend.generators.CallAndReferenceGenerator.applyArgumentsWithReorderingIfNeeded(CallAndReferenceGenerator.kt:1636)
	at org.jetbrains.kotlin.fir.backend.generators.CallAndReferenceGenerator.applyCallArguments(CallAndReferenceGenerator.kt:1557)
	at org.jetbrains.kotlin.fir.backend.generators.CallAndReferenceGenerator.applyReceiversAndArguments(CallAndReferenceGenerator.kt:1441)
	at org.jetbrains.kotlin.fir.backend.generators.CallAndReferenceGenerator.applyReceiversAndArguments$default(CallAndReferenceGenerator.kt:1426)
	at org.jetbrains.kotlin.fir.backend.generators.CallAndReferenceGenerator.convertToIrAnnotation(CallAndReferenceGenerator.kt:1018)
	at org.jetbrains.kotlin.fir.lazy.AbstractFir2IrLazyDeclaration.createLazyAnnotations$lambda$0(AbstractFir2IrLazyDeclaration.kt:43)
	at org.jetbrains.kotlin.ir.declarations.lazy.SynchronizedLazyVar.getValue(lazyUtil.kt:29)
	at org.jetbrains.kotlin.ir.declarations.lazy.SynchronizedLazyVar.getValue(lazyUtil.kt:40)
	at org.jetbrains.kotlin.fir.lazy.Fir2IrLazyClass.getAnnotations(Fir2IrLazyClass.kt:57)
	at org.jetbrains.kotlin.ir.util.IrUtilsKt.getAnnotation(IrUtils.kt:338)
	at org.jetbrains.kotlin.ir.util.AdditionalIrUtilsKt.getAnnotationTargets(AdditionalIrUtils.kt:340)
	at org.jetbrains.kotlin.backend.jvm.codegen.AnnotationCodegen.genAnnotations(AnnotationCodegen.kt:60)
	at org.jetbrains.kotlin.backend.jvm.codegen.AnnotationCodegen.genAnnotations$default(AnnotationCodegen.kt:58)
	at org.jetbrains.kotlin.backend.jvm.codegen.FunctionCodegen.generateParameterAnnotations(FunctionCodegen.kt:352)
	at org.jetbrains.kotlin.backend.jvm.codegen.FunctionCodegen.doGenerate(FunctionCodegen.kt:114)
	at org.jetbrains.kotlin.backend.jvm.codegen.FunctionCodegen.generate(FunctionCodegen.kt:58)
	... 41 more


