kotlin version: 2.4.0
error message: java.lang.RuntimeException: Exception while generating code for:
FUN name:testJakartaValidatorInterface visibility:public modality:FINAL returnType:kotlin.Unit
  VALUE_PARAMETER kind:DispatchReceiver name:<this> index:0 type:kz.mybrain.superkassa.core.domain.validation.ItemNameValidatorTest
  annotations:
    Test(expected = <null>, timeout = <null>)
  BLOCK_BODY
    VAR name:validator type:kz.mybrain.superkassa.core.domain.validation.ItemNameValidator [val]
      CONSTRUCTOR_CALL 'public constructor <init> () [primary] declared in kz.mybrain.superkassa.core.domain.validation.ItemNameValidator' type=kz.mybrain.superkassa.core.domain.validation.ItemNameValidator origin=null
    VAR name:mockContext type:jakarta.validation.ConstraintValidatorContext [val]
      TYPE_OP type=jakarta.validation.ConstraintValidatorContext origin=IMPLICIT_CAST typeOperand=jakarta.validation.ConstraintValidatorContext
        CALL 'public final fun mockk$default <T> (name: kotlin.String?, relaxed: kotlin.Boolean, vararg moreInterfaces: kotlin.reflect.KClass<*>, relaxUnitFun: kotlin.Boolean, mockValidator: io.mockk.impl.restrict.MockkValidator?, block: @[ExtensionFunctionType] kotlin.Function1<T of io.mockk.MockKKt.mockk$default, kotlin.Unit>?, $mask0: kotlin.Int, $handler: kotlin.Any?): T of io.mockk.MockKKt.mockk$default [inline] declared in io.mockk.MockKKt' type=T of io.mockk.MockKKt.mockk$default origin=DEFAULT_DISPATCH_CALL
          TYPE_ARG T: jakarta.validation.ConstraintValidatorContext
          ARG name: COMPOSITE type=kotlin.String? origin=DEFAULT_VALUE
            CONST Null type=kotlin.String? value=null
          ARG relaxed: CONST Boolean type=kotlin.Boolean value=true
          ARG moreInterfaces: CALL 'public final fun arrayOfNulls <T> (size: kotlin.Int): kotlin.Array<T of kotlin.arrayOfNulls?> declared in kotlin' type=kotlin.Array<out kotlin.reflect.KClass<*>> origin=null
            TYPE_ARG T: kotlin.reflect.KClass<*>
            ARG size: CONST Int type=kotlin.Int value=0
          ARG relaxUnitFun: COMPOSITE type=kotlin.Boolean origin=DEFAULT_VALUE
            CONST Boolean type=kotlin.Boolean value=false
          ARG mockValidator: COMPOSITE type=io.mockk.impl.restrict.MockkValidator? origin=DEFAULT_VALUE
            CONST Null type=io.mockk.impl.restrict.MockkValidator? value=null
          ARG block: COMPOSITE type=@[ExtensionFunctionType] kotlin.Function1<T of io.mockk.MockKKt.mockk$default, kotlin.Unit>? origin=DEFAULT_VALUE
            CONST Null type=@[ExtensionFunctionType] kotlin.Function1<T of io.mockk.MockKKt.mockk$default, kotlin.Unit>? value=null
          ARG $mask0: CONST Int type=kotlin.Int value=57
          ARG $handler: CONST Null type=kotlin.Any? value=null
    CALL 'public final fun assertTrue$default (actual: kotlin.Boolean, message: kotlin.String?, $mask0: kotlin.Int, $handler: kotlin.Any?): kotlin.Unit declared in kotlin.test.AssertionsKt' type=kotlin.Unit origin=DEFAULT_DISPATCH_CALL
      ARG actual: CALL 'public open fun isValid (value: kotlin.String?, context: jakarta.validation.ConstraintValidatorContext): kotlin.Boolean declared in kz.mybrain.superkassa.core.domain.validation.ItemNameValidator' type=kotlin.Boolean origin=null
        ARG <this>: GET_VAR 'val validator: kz.mybrain.superkassa.core.domain.validation.ItemNameValidator [val] declared in kz.mybrain.superkassa.core.domain.validation.ItemNameValidatorTest.testJakartaValidatorInterface' type=kz.mybrain.superkassa.core.domain.validation.ItemNameValidator origin=null
        ARG value: CONST String type=kotlin.String value="Молоко"
        ARG context: GET_VAR 'val mockContext: jakarta.validation.ConstraintValidatorContext [val] declared in kz.mybrain.superkassa.core.domain.validation.ItemNameValidatorTest.testJakartaValidatorInterface' type=jakarta.validation.ConstraintValidatorContext origin=null
      ARG message: COMPOSITE type=kotlin.String? origin=DEFAULT_VALUE
        CONST Null type=kotlin.String? value=null
      ARG $mask0: CONST Int type=kotlin.Int value=2
      ARG $handler: CONST Null type=kotlin.Any? value=null
    CALL 'public final fun assertFalse$default (actual: kotlin.Boolean, message: kotlin.String?, $mask0: kotlin.Int, $handler: kotlin.Any?): kotlin.Unit declared in kotlin.test.AssertionsKt' type=kotlin.Unit origin=DEFAULT_DISPATCH_CALL
      ARG actual: CALL 'public open fun isValid (value: kotlin.String?, context: jakarta.validation.ConstraintValidatorContext): kotlin.Boolean declared in kz.mybrain.superkassa.core.domain.validation.ItemNameValidator' type=kotlin.Boolean origin=null
        ARG <this>: GET_VAR 'val validator: kz.mybrain.superkassa.core.domain.validation.ItemNameValidator [val] declared in kz.mybrain.superkassa.core.domain.validation.ItemNameValidatorTest.testJakartaValidatorInterface' type=kz.mybrain.superkassa.core.domain.validation.ItemNameValidator origin=null
        ARG value: CONST String type=kotlin.String value="товар"
        ARG context: GET_VAR 'val mockContext: jakarta.validation.ConstraintValidatorContext [val] declared in kz.mybrain.superkassa.core.domain.validation.ItemNameValidatorTest.testJakartaValidatorInterface' type=jakarta.validation.ConstraintValidatorContext origin=null
      ARG message: COMPOSITE type=kotlin.String? origin=DEFAULT_VALUE
        CONST Null type=kotlin.String? value=null
      ARG $mask0: CONST Int type=kotlin.Int value=2
      ARG $handler: CONST Null type=kotlin.Any? value=null

	at org.jetbrains.kotlin.backend.jvm.codegen.FunctionCodegen.generate(FunctionCodegen.kt:61)
	at org.jetbrains.kotlin.backend.jvm.codegen.FunctionCodegen.generate$default(FunctionCodegen.kt:54)
	at org.jetbrains.kotlin.backend.jvm.codegen.ClassCodegen.generateMethodNode(ClassCodegen.kt:422)
	at org.jetbrains.kotlin.backend.jvm.codegen.ClassCodegen.generateMethod(ClassCodegen.kt:439)
	at org.jetbrains.kotlin.backend.jvm.codegen.ClassCodegen.generate(ClassCodegen.kt:168)
	at org.jetbrains.kotlin.backend.jvm.JvmIrCodegenFactory.generateFile(JvmIrCodegenFactory.kt:465)
	at org.jetbrains.kotlin.backend.jvm.JvmIrCodegenFactory.invokeCodegen(JvmIrCodegenFactory.kt:431)
	at org.jetbrains.kotlin.cli.jvm.compiler.KotlinToJVMBytecodeCompiler.runCodegen$org_jetbrains_kotlin_cli_jvm(KotlinToJVMBytecodeCompiler.kt:387)
	at org.jetbrains.kotlin.cli.pipeline.jvm.JvmBackendPipelinePhase.executePhase(JvmBackendPipelinePhase.kt:91)
	at org.jetbrains.kotlin.cli.pipeline.jvm.JvmBackendPipelinePhase.executePhase(JvmBackendPipelinePhase.kt:28)
	at org.jetbrains.kotlin.cli.pipeline.PipelinePhase.phaseBody(PipelinePhase.kt:63)
	at org.jetbrains.kotlin.cli.pipeline.PipelinePhase.phaseBody(PipelinePhase.kt:53)
	at org.jetbrains.kotlin.config.phaser.NamedCompilerPhase.invoke(CompilerPhase.kt:102)
	at org.jetbrains.kotlin.backend.common.phaser.CompositePhase.invoke(PhaseBuilders.kt:22)
	at org.jetbrains.kotlin.config.phaser.CompilerPhaseKt.invokeToplevel(CompilerPhase.kt:53)
	at org.jetbrains.kotlin.cli.pipeline.AbstractCliPipeline.runPhasedPipeline(AbstractCliPipeline.kt:135)
	at org.jetbrains.kotlin.cli.pipeline.AbstractCliPipeline.executeAndReturnPipeLineArtifact(AbstractCliPipeline.kt:89)
	at org.jetbrains.kotlin.cli.pipeline.AbstractCliPipeline.executeAndReturnPipeLineArtifact$default(AbstractCliPipeline.kt:49)
	at org.jetbrains.kotlin.cli.pipeline.AbstractCliPipeline.execute(AbstractCliPipeline.kt:40)
	at org.jetbrains.kotlin.cli.jvm.K2JVMCompiler.doExecutePhased(K2JVMCompiler.kt:54)
	at org.jetbrains.kotlin.cli.jvm.K2JVMCompiler.doExecutePhased(K2JVMCompiler.kt:45)
	at org.jetbrains.kotlin.cli.common.CLICompiler.execImpl(CLICompiler.kt:94)
	at org.jetbrains.kotlin.cli.common.CLICompiler.exec(CLICompiler.kt:366)
	at org.jetbrains.kotlin.incremental.IncrementalJvmCompilerRunnerBase.runCompiler(IncrementalJvmCompilerRunnerBase.kt:211)
	at org.jetbrains.kotlin.incremental.IncrementalJvmCompilerRunnerBase.runCompiler(IncrementalJvmCompilerRunnerBase.kt:53)
	at org.jetbrains.kotlin.incremental.IncrementalCompilerRunner.doCompile(IncrementalCompilerRunner.kt:539)
	at org.jetbrains.kotlin.incremental.IncrementalCompilerRunner.compileImpl(IncrementalCompilerRunner.kt:451)
	at org.jetbrains.kotlin.incremental.IncrementalCompilerRunner.compileNonIncrementally(IncrementalCompilerRunner.kt:327)
	at org.jetbrains.kotlin.incremental.IncrementalCompilerRunner.compile(IncrementalCompilerRunner.kt:139)
	at org.jetbrains.kotlin.daemon.CompileServiceImplBase.execIncrementalCompiler(CompileServiceImpl.kt:782)
	at org.jetbrains.kotlin.daemon.CompileServiceImplBase.access$execIncrementalCompiler(CompileServiceImpl.kt:108)
	at org.jetbrains.kotlin.daemon.CompileServiceImpl.compile(CompileServiceImpl.kt:2046)
	at java.base/jdk.internal.reflect.DirectMethodHandleAccessor.invoke(DirectMethodHandleAccessor.java:104)
	at java.base/java.lang.reflect.Method.invoke(Method.java:565)
	at java.rmi/sun.rmi.server.UnicastServerRef.dispatch(UnicastServerRef.java:351)
	at java.rmi/sun.rmi.transport.Transport.serviceCall(Transport.java:166)
	at java.rmi/sun.rmi.transport.tcp.TCPTransport.handleMessages(TCPTransport.java:543)
	at java.rmi/sun.rmi.transport.tcp.TCPTransport$ConnectionHandler.run0(TCPTransport.java:744)
	at java.rmi/sun.rmi.transport.tcp.TCPTransport$ConnectionHandler.run(TCPTransport.java:623)
	at java.base/java.util.concurrent.ThreadPoolExecutor.runWorker(ThreadPoolExecutor.java:1095)
	at java.base/java.util.concurrent.ThreadPoolExecutor$Worker.run(ThreadPoolExecutor.java:619)
	at java.base/java.lang.Thread.run(Thread.java:1447)
Caused by: java.io.FileNotFoundException: /Users/sergeyivanov/superkassa-core/core-domain/build/classes/kotlin/main/kz/mybrain/superkassa/core/domain/validation/ItemNameValid.class (No such file or directory)
	at java.base/java.io.FileInputStream.open0(Native Method)
	at java.base/java.io.FileInputStream.open(FileInputStream.java:185)
	at java.base/java.io.FileInputStream.<init>(FileInputStream.java:139)
	at org.jetbrains.kotlin.com.intellij.openapi.util.io.FileUtil.loadFileBytes(FileUtil.java:188)
	at org.jetbrains.kotlin.cli.common.localfs.KotlinLocalVirtualFile.contentsToByteArray(KotlinLocalVirtualFile.kt:108)
	at org.jetbrains.kotlin.cli.jvm.compiler.KotlinCliJavaFileManagerImpl.findClass(KotlinCliJavaFileManagerImpl.kt:149)
	at org.jetbrains.kotlin.resolve.jvm.KotlinJavaPsiFacade$CliFinder.findClass(KotlinJavaPsiFacade.java:538)
	at org.jetbrains.kotlin.resolve.jvm.KotlinJavaPsiFacade.findClass(KotlinJavaPsiFacade.java:181)
	at org.jetbrains.kotlin.load.java.JavaClassFinderImpl.findClass(JavaClassFinderImpl.kt:49)
	at org.jetbrains.kotlin.fir.java.FirJavaFacade.findClass(FirJavaFacade.kt:74)
	at org.jetbrains.kotlin.fir.java.deserialization.JvmClassFileBasedSymbolProvider.extractClassMetadata(JvmClassFileBasedSymbolProvider.kt:180)
	at org.jetbrains.kotlin.fir.deserialization.AbstractFirDeserializedSymbolProvider.findAndDeserializeClass(AbstractFirDeserializedSymbolProvider.kt:263)
	at org.jetbrains.kotlin.fir.deserialization.AbstractFirDeserializedSymbolProvider.classCache$lambda$0(AbstractFirDeserializedSymbolProvider.kt:165)
	at org.jetbrains.kotlin.fir.caches.FirThreadUnsafeCacheWithPostCompute.getValue(FirThreadUnsafeCachesFactory.kt:74)
	at org.jetbrains.kotlin.fir.deserialization.AbstractFirDeserializedSymbolProvider.getClass(AbstractFirDeserializedSymbolProvider.kt:357)
	at org.jetbrains.kotlin.fir.deserialization.AbstractFirDeserializedSymbolProvider.getClass$default(AbstractFirDeserializedSymbolProvider.kt:340)
	at org.jetbrains.kotlin.fir.deserialization.AbstractFirDeserializedSymbolProvider.getClassLikeSymbolByClassId(AbstractFirDeserializedSymbolProvider.kt:434)
	at org.jetbrains.kotlin.fir.resolve.providers.impl.FirCachingCompositeSymbolProvider.computeClass(FirCachingCompositeSymbolProvider.kt:147)
	at org.jetbrains.kotlin.fir.resolve.providers.impl.FirCachingCompositeSymbolProvider.access$computeClass(FirCachingCompositeSymbolProvider.kt:27)
	at org.jetbrains.kotlin.fir.resolve.providers.impl.FirCachingCompositeSymbolProvider$special$$inlined$createCache$1.invoke(FirCachesFactory.kt:157)
	at org.jetbrains.kotlin.fir.resolve.providers.impl.FirCachingCompositeSymbolProvider$special$$inlined$createCache$1.invoke(FirCachesFactory.kt:141)
	at org.jetbrains.kotlin.fir.caches.FirThreadUnsafeCache.getValue(FirThreadUnsafeCachesFactory.kt:53)
	at org.jetbrains.kotlin.fir.resolve.providers.impl.FirCachingCompositeSymbolProvider.getClassLikeSymbolByClassId(FirCachingCompositeSymbolProvider.kt:174)
	at org.jetbrains.kotlin.fir.resolve.ToSymbolUtilsKt.toSymbol(ToSymbolUtils.kt:76)
	at org.jetbrains.kotlin.fir.resolve.ToSymbolUtilsKt.toTypeAliasSymbol(ToSymbolUtils.kt:120)
	at org.jetbrains.kotlin.fir.resolve.TypeExpansionUtilsKt.directExpansionType(TypeExpansionUtils.kt:173)
	at org.jetbrains.kotlin.fir.resolve.TypeExpansionUtilsKt.fullyExpandedTypeNoCache(TypeExpansionUtils.kt:160)
	at org.jetbrains.kotlin.fir.resolve.TypeExpansionUtilsKt.fullyExpandedType(TypeExpansionUtils.kt:54)
	at org.jetbrains.kotlin.fir.resolve.TypeExpansionUtilsKt.fullyExpandedType$default(TypeExpansionUtils.kt:44)
	at org.jetbrains.kotlin.fir.types.ConeInferenceContext.typeDepth(ConeInferenceContext.kt:216)
	at org.jetbrains.kotlin.fir.types.ConeInferenceContext.typeDepth(ConeInferenceContext.kt:198)
	at org.jetbrains.kotlin.fir.types.ConeInferenceContext.typeDepth(ConeInferenceContext.kt:226)
	at org.jetbrains.kotlin.fir.types.ConeInferenceContext.typeDepth(ConeInferenceContext.kt:198)
	at org.jetbrains.kotlin.fir.types.ConeInferenceContext.typeDepthForApproximation(ConeInferenceContext.kt:208)
	at org.jetbrains.kotlin.types.AbstractTypeApproximator.typeDepthForApproximation(AbstractTypeApproximator.kt)
	at org.jetbrains.kotlin.types.AbstractTypeApproximator.approximateToSuperType(AbstractTypeApproximator.kt:1076)
	at org.jetbrains.kotlin.fir.types.ConeTypeApproximator.approximateToSuperType(ConeTypeApproximator.kt:19)
	at org.jetbrains.kotlin.fir.backend.Fir2IrTypeConverterKt.approximateForIrOrNull(Fir2IrTypeConverter.kt:387)
	at org.jetbrains.kotlin.fir.backend.Fir2IrTypeConverterKt.approximateForIrOrSelf(Fir2IrTypeConverter.kt:392)
	at org.jetbrains.kotlin.fir.backend.Fir2IrTypeConverter.toIrType(Fir2IrTypeConverter.kt:165)
	at org.jetbrains.kotlin.fir.backend.Fir2IrTypeConverter.toIrType$default(Fir2IrTypeConverter.kt:97)
	at org.jetbrains.kotlin.fir.backend.Fir2IrTypeConverter.toIrType(Fir2IrTypeConverter.kt:84)
	at org.jetbrains.kotlin.fir.backend.Fir2IrTypeConverterKt.toIrType(Fir2IrTypeConverter.kt:374)
	at org.jetbrains.kotlin.fir.backend.Fir2IrTypeConverterKt.toIrType$default(Fir2IrTypeConverter.kt:372)
	at org.jetbrains.kotlin.fir.lazy.Fir2IrLazyClass.superTypes_delegate$lambda$0(Fir2IrLazyClass.kt:125)
	at org.jetbrains.kotlin.ir.declarations.lazy.SynchronizedLazyVar.getValue(lazyUtil.kt:29)
	at org.jetbrains.kotlin.ir.declarations.lazy.SynchronizedLazyVar.getValue(lazyUtil.kt:40)
	at org.jetbrains.kotlin.fir.lazy.Fir2IrLazyClass.getSuperTypes(Fir2IrLazyClass.kt:124)
	at org.jetbrains.kotlin.backend.jvm.codegen.IrCodegenUtilsKt.getReifiedTypeParameters(irCodegenUtils.kt:348)
	at org.jetbrains.kotlin.backend.jvm.codegen.ExpressionCodegen.putNeedClassReificationMarker(ExpressionCodegen.kt:960)
	at org.jetbrains.kotlin.backend.jvm.codegen.ExpressionCodegen.visitConstructorCall(ExpressionCodegen.kt:697)
	at org.jetbrains.kotlin.backend.jvm.codegen.ExpressionCodegen.visitConstructorCall(ExpressionCodegen.kt:141)
	at org.jetbrains.kotlin.ir.expressions.IrConstructorCall.accept(IrConstructorCall.kt:27)
	at org.jetbrains.kotlin.backend.jvm.codegen.ExpressionCodegen.visitVariable(ExpressionCodegen.kt:725)
	at org.jetbrains.kotlin.backend.jvm.codegen.ExpressionCodegen.visitVariable(ExpressionCodegen.kt:141)
	at org.jetbrains.kotlin.ir.declarations.IrVariable.accept(IrVariable.kt:36)
	at org.jetbrains.kotlin.backend.jvm.codegen.ExpressionCodegen.visitStatementContainer(ExpressionCodegen.kt:492)
	at org.jetbrains.kotlin.backend.jvm.codegen.ExpressionCodegen.visitBlockBody(ExpressionCodegen.kt:497)
	at org.jetbrains.kotlin.backend.jvm.codegen.ExpressionCodegen.visitBlockBody(ExpressionCodegen.kt:141)
	at org.jetbrains.kotlin.ir.expressions.IrBlockBody.accept(IrBlockBody.kt:20)
	at org.jetbrains.kotlin.backend.jvm.codegen.ExpressionCodegen.generate(ExpressionCodegen.kt:234)
	at org.jetbrains.kotlin.backend.jvm.codegen.FunctionCodegen.doGenerate(FunctionCodegen.kt:134)
	at org.jetbrains.kotlin.backend.jvm.codegen.FunctionCodegen.generate(FunctionCodegen.kt:58)
	... 41 more


